opennextjs-cloudflare build 失败: exit status 1
--- build log ---
Lockfile is up to date, resolution step is skipped
Already up to date

╭ Warning ─────────────────────────────────────────────────────────────────────╮
│                                                                              │
│   Ignored build scripts: esbuild@0.18.20, esbuild@0.25.12, esbuild@0.25.4,   │
│   esbuild@0.27.3, workerd@1.20260515.1.                                      │
│   Run "pnpm approve-builds" to pick which dependencies should be allowed     │
│   to run scripts.                                                            │
│                                                                              │
╰──────────────────────────────────────────────────────────────────────────────╯
Done in 5.7s using pnpm v10.33.4

┌─────────────────────────────┐
│ OpenNext — Cloudflare build │
└─────────────────────────────┘

App directory: /home/ubuntu/workspace/project
Next.js version : 16.2.6
@opennextjs/cloudflare version: 1.19.10
@opennextjs/aws version: 4.0.2
WARN workerd compatibility_date: 2025-03-01, consider updating your wrangler config to a more recent date to benefit from the latest features and fixes.

┌─────────────────────────────────┐
│ OpenNext — Building Next.js app │
└─────────────────────────────────┘


> vibe-next-template@0.1.0 build /home/ubuntu/workspace/project
> next build

[dotenv@17.3.1] injecting env (19) from .env -- tip: ⚙️  load multiple .env files with { path: ['.env.local', '.env'] }
▲ Next.js 16.2.6 (Turbopack)
- Environments: .env.production, .env

  Creating an optimized production build ...
[dotenv@17.3.1] injecting env (19) from .env -- tip: ⚙️  specify custom .env file path with { path: '/custom/path/.env' }
✓ Compiled successfully in 13.8s
  Skipping validation of types
  Finished TypeScript config validation in 91ms ...
  Collecting page data using 3 workers ...
  Generating static pages using 3 workers (0/41) ...
  Generating static pages using 3 workers (10/41) 
  Generating static pages using 3 workers (20/41) 
ReferenceError: location is not defined
    at <unknown> (.next/server/chunks/ssr/_0l5l..w._.js:1:6801)
⨯ useSearchParams() should be wrapped in a suspense boundary at page "/reset-password". Read more: https://nextjs.org/docs/messages/missing-suspense-with-csr-bailout
    at S (/home/ubuntu/workspace/project/.next/server/chunks/ssr/0z~i_next_0ta2mmv._.js:2:2692)
    at r (/home/ubuntu/workspace/project/.next/server/chunks/ssr/0z~i_next_0ta2mmv._.js:4:6757)
    at /home/ubuntu/workspace/project/.next/server/chunks/ssr/_0~dm8_3._.js:1:3051
    at an (/home/ubuntu/workspace/project/node_modules/.pnpm/next@16.2.6_@babel+core@7.29.0_react-dom@19.2.4_react@19.2.4__react@19.2.4/node_modules/next/dist/compiled/next-server/app-page-turbo.runtime.prod.js:2:84267)
    at ai (/home/ubuntu/workspace/project/node_modules/.pnpm/next@16.2.6_@babel+core@7.29.0_react-dom@19.2.4_react@19.2.4__react@19.2.4/node_modules/next/dist/compiled/next-server/app-page-turbo.runtime.prod.js:2:86086)
    at al (/home/ubuntu/workspace/project/node_modules/.pnpm/next@16.2.6_@babel+core@7.29.0_react-dom@19.2.4_react@19.2.4__react@19.2.4/node_modules/next/dist/compiled/next-server/app-page-turbo.runtime.prod.js:2:107860)
    at ao (/home/ubuntu/workspace/project/node_modules/.pnpm/next@16.2.6_@babel+core@7.29.0_react-dom@19.2.4_react@19.2.4__react@19.2.4/node_modules/next/dist/compiled/next-server/app-page-turbo.runtime.prod.js:2:105275)
    at aa (/home/ubuntu/workspace/project/node_modules/.pnpm/next@16.2.6_@babel+core@7.29.0_react-dom@19.2.4_react@19.2.4__react@19.2.4/node_modules/next/dist/compiled/next-server/app-page-turbo.runtime.prod.js:2:84619)
    at ai (/home/ubuntu/workspace/project/node_modules/.pnpm/next@16.2.6_@babel+core@7.29.0_react-dom@19.2.4_react@19.2.4__react@19.2.4/node_modules/next/dist/compiled/next-server/app-page-turbo.runtime.prod.js:2:86135)
    at ai (/home/ubuntu/workspace/project/node_modules/.pnpm/next@16.2.6_@babel+core@7.29.0_react-dom@19.2.4_react@19.2.4__react@19.2.4/node_modules/next/dist/compiled/next-server/app-page-turbo.runtime.prod.js:2:104615)
Error occurred prerendering page "/reset-password". Read more: https://nextjs.org/docs/messages/prerender-error
Export encountered an error on /reset-password/page: /reset-password, exiting the build.
⨯ Next.js build worker exited with code: 1 and signal: null
 ELIFECYCLE  Command failed with exit code 1.
node:internal/errors:983
  const err = new Error(message);
              ^

Error: Command failed: pnpm build
    at genericNodeError (node:internal/errors:983:15)
    at wrappedFn (node:internal/errors:537:14)
    at checkExecSyncError (node:child_process:916:11)
    at Object.execSync (node:child_process:988:15)
    at buildNextjsApp (file:///home/ubuntu/workspace/project/node_modules/.pnpm/@opennextjs+aws@4.0.2_next@16.2.6_@babel+core@7.29.0_react-dom@19.2.4_react@19.2.4__react@19.2.4_/node_modules/@opennextjs/aws/dist/build/buildNextApp.js:15:8)
    at build (file:///home/ubuntu/workspace/project/node_modules/.pnpm/@opennextjs+cloudflare@1.19.10_next@16.2.6_@babel+core@7.29.0_react-dom@19.2.4_react@19_ca4096472dbcff61d91c79ce529cee62/node_modules/@opennextjs/cloudflare/dist/cli/build/build.js:63:9)
    at async buildCommand (file:///home/ubuntu/workspace/project/node_modules/.pnpm/@opennextjs+cloudflare@1.19.10_next@16.2.6_@babel+core@7.29.0_react-dom@19.2.4_react@19_ca4096472dbcff61d91c79ce529cee62/node_modules/@opennextjs/cloudflare/dist/cli/commands/build.js:40:5) {
  status: 1,
  signal: null,
  output: [ null, null, null ],
  pid: 2502,
  stdout: null,
  stderr: null
}

Node.js v22.23.1